[02:06:27] [Server thread/INFO]: Starting minecraft server version 1.10
[02:06:27] [Server thread/INFO]: Loading properties
[02:06:27] [Server thread/WARN]: server.properties does not exist
[02:06:27] [Server thread/INFO]: Generating new properties file
[02:06:27] [Server thread/INFO]: Default game type: SURVIVAL
[02:06:27] [Server thread/INFO]: Generating keypair
[02:06:28] [Server thread/INFO]: Starting Minecraft server on *:25565
[02:06:28] [Server thread/INFO]: Using epoll channel type
[02:06:28] [Server thread/INFO]: Preparing level "world"
[02:06:29] [Server thread/INFO]: Preparing start region for level 0
[02:06:30] [Server thread/INFO]: Preparing spawn area: 4%
[02:06:31] [Server thread/INFO]: Preparing spawn area: 6%
[02:06:33] [Server thread/INFO]: Preparing spawn area: 8%
[02:06:34] [Server thread/INFO]: Preparing spawn area: 12%
[02:06:35] [Server thread/INFO]: Preparing spawn area: 16%
[02:06:36] [Server thread/INFO]: Preparing spawn area: 22%
[02:06:37] [Server thread/INFO]: Preparing spawn area: 29%
[02:06:38] [Server thread/INFO]: Preparing spawn area: 38%
[02:06:39] [Server thread/INFO]: Preparing spawn area: 52%
[02:06:40] [Server thread/INFO]: Preparing spawn area: 61%
[02:06:41] [Server thread/INFO]: Preparing spawn area: 72%
[02:06:42] [Server thread/INFO]: Preparing spawn area: 82%
[02:06:43] [Server thread/INFO]: Preparing spawn area: 92%
[02:06:44] [Server thread/INFO]: Done (15.939s)! For help, type "help" or "?"
